[    6457ms] [WARNING] Mixed Content: The page at 'https://www.google.com/search?q=espn&oq=espn&gs_lcrp=EgZjaHJvbWUqFQgAEAAYQxiDARjjAhixAxiABBiKBTIVCAAQABhDGIMBGOMCGLEDGIAEGIoFMhgIARAuGEMYgwEYxwEYsQMY0QMYgAQYigUyCggCEAAYsQMYgAQyCggDEAAYsQMYgAQyEggEEAAYQxiDARixAxiABBiKBTIHCAUQABiABDIQCAYQABiDARixAxiABBiKBTIGCAcQBRhA0gEINDY5OWowajeoAgCwAgA&sourceid=chrome&ie=UTF-8' was loaded over HTTPS, but requested an insecure element 'http://img.youtube.com/vi/cmR0shxk4ro/hqdefault.jpg'. This request was automatically upgraded to HTTPS, For more information see https://blog.chromium.org/2019/10/no-more-mixed-messages-about-https.html @ https://www.google.com/search?q=espn&oq=espn&gs_lcrp=EgZjaHJvbWUqFQgAEAAYQxiDARjjAhixAxiABBiKBTIVCAAQABhDGIMBGOMCGLEDGIAEGIoFMhgIARAuGEMYgwEYxwEYsQMY0QMYgAQYigUyCggCEAAYsQMYgAQyCggDEAAYsQMYgAQyEggEEAAYQxiDARixAxiABBiKBTIHCAUQABiABDIQCAYQABiDARixAxiABBiKBTIGCAcQBRhA0gEINDY5OWowajeoAgCwAgA&sourceid=chrome&ie=UTF-8:0
[    6457ms] [WARNING] Mixed Content: The page at 'https://www.google.com/search?q=espn&oq=espn&gs_lcrp=EgZjaHJvbWUqFQgAEAAYQxiDARjjAhixAxiABBiKBTIVCAAQABhDGIMBGOMCGLEDGIAEGIoFMhgIARAuGEMYgwEYxwEYsQMY0QMYgAQYigUyCggCEAAYsQMYgAQyCggDEAAYsQMYgAQyEggEEAAYQxiDARixAxiABBiKBTIHCAUQABiABDIQCAYQABiDARixAxiABBiKBTIGCAcQBRhA0gEINDY5OWowajeoAgCwAgA&sourceid=chrome&ie=UTF-8' was loaded over HTTPS, but requested an insecure element 'http://img.youtube.com/vi/TFGzXNILrV4/hqdefault.jpg'. This request was automatically upgraded to HTTPS, For more information see https://blog.chromium.org/2019/10/no-more-mixed-messages-about-https.html @ https://www.google.com/search?q=espn&oq=espn&gs_lcrp=EgZjaHJvbWUqFQgAEAAYQxiDARjjAhixAxiABBiKBTIVCAAQABhDGIMBGOMCGLEDGIAEGIoFMhgIARAuGEMYgwEYxwEYsQMY0QMYgAQYigUyCggCEAAYsQMYgAQyCggDEAAYsQMYgAQyEggEEAAYQxiDARixAxiABBiKBTIHCAUQABiABDIQCAYQABiDARixAxiABBiKBTIGCAcQBRhA0gEINDY5OWowajeoAgCwAgA&sourceid=chrome&ie=UTF-8:0
[   45872ms] [WARNING] [GPT] Invalid arguments: SizeMappingBuilder.addSize([0, 0], [[0, 0]]). All zero-area slot sizes were removed.
https://goo.gle/gpt-message#151 @ https://securepubads.g.doubleclick.net/pagead/managed/js/gpt/m202603050101/pubads_impl.js:18
[   46268ms] [WARNING] [GPT] Using deprecated googletag.encryptedSignalProviders. Please use googletag.secureSignalProviders instead.
https://goo.gle/gpt-message#155 @ https://securepubads.g.doubleclick.net/pagead/managed/js/gpt/m202603050101/pubads_impl.js:18
[   46269ms] [WARNING] Google Deploy of the SharedId library has been deprecated. Please select another option in the GAM UI. If you use Prebid, we suggest the Prebid.js UserId option. If you do not, you may configure GAM to allow Google to share a first party user identifier with OB and AB participants, which is either the publisherProvidedId or the __gads value when that is missing. @ https://cdn.jsdelivr.net/gh/prebid/shared-id/pubcid.js/docs/pubcid.min.js:0
[   46278ms] [WARNING] [GPT] Using deprecated googletag.encryptedSignalProviders. Please use googletag.secureSignalProviders instead.
https://goo.gle/gpt-message#155 @ https://securepubads.g.doubleclick.net/pagead/managed/js/gpt/m202603050101/pubads_impl.js:18
[   46352ms] [ERROR] Failed to load resource: the server responded with a status of 400 () @ https://ups.analytics.yahoo.com/ups/58813/fed?gpp=DBABLA~BVQqAAAAAAJY.QA&gpp_sid=7&us_privacy=1YNY&v=1&url=https%3A%2F%2Fwww.espn.com%2F:0
[   46394ms] [WARNING] [GPT] Using deprecated googletag.encryptedSignalProviders. Please use googletag.secureSignalProviders instead.
https://goo.gle/gpt-message#155 @ https://securepubads.g.doubleclick.net/pagead/managed/js/gpt/m202603050101/pubads_impl.js:18
[   48277ms] [ERROR] Attestation check for Shared Storage on https://www.googleadservices.com failed. @ https://www.googleadservices.com/pagead/managed/js/activeview/current/reach_worklet.html:0
[   48280ms] [ERROR] Attestation check for Shared Storage on https://www.googleadservices.com failed. @ https://www.googleadservices.com/pagead/managed/js/activeview/current/reach_worklet.html:0
[   48281ms] [ERROR] Attestation check for Shared Storage on https://www.googleadservices.com failed. @ https://www.googleadservices.com/pagead/managed/js/activeview/current/reach_worklet.html:0
[   50005ms] [ERROR] [OneID] [%s]:  ERROR Session not established @ https://cdn.registerdisney.go.com/v4/OneID.js:1
[   50005ms] [ERROR] [OneID] [%s]:  ERROR Session not established @ https://cdn.registerdisney.go.com/v4/OneID.js:1
[   51213ms] [WARNING] [OneID] [%s]:  WARN `DisneyID` global object is soon to be deprecated. Use `OneID` instead. @ https://cdn.registerdisney.go.com/v4/OneID.js:1
[   53189ms] [WARNING] The resource https://cdn.registerdisney.go.com/v4/asset/bundler/ESPN/v4/images/v2/espn-red-logo.svg was preloaded using link preload but not used within a few seconds from the window's load event. Please make sure it has an appropriate `as` value and it is preloaded intentionally. @ https://cdn.registerdisney.go.com/v4/bundle/web/ESPN-ONESITE.WEB/en-US?cssOverride=https%3A%2F%2Fsecure.espncdn.com%2Fcombiner%2Fc%3Fcss%3Ddisneyid%2Fcorev4.css&logLevel=INFO:0
[   82366ms] [WARNING] The resource https://cdn.registerdisney.go.com/v4/asset/bundler/ESPN/v4/images/v2/espn-red-logo.svg was preloaded using link preload but not used within a few seconds from the window's load event. Please make sure it has an appropriate `as` value and it is preloaded intentionally. @ https://cdn.registerdisney.go.com/v4/bundle/web/ESPN-ONESITE.WEB/en-US?cssOverride=https%3A%2F%2Fsecure.espncdn.com%2Fcombiner%2Fc%3Fcss%3Ddisneyid%2Fcorev4.css&logLevel=INFO:0
[  382368ms] [WARNING] The resource https://cdn.registerdisney.go.com/v4/asset/bundler/ESPN/v4/images/v2/espn-red-logo.svg was preloaded using link preload but not used within a few seconds from the window's load event. Please make sure it has an appropriate `as` value and it is preloaded intentionally. @ https://cdn.registerdisney.go.com/v4/bundle/web/ESPN-ONESITE.WEB/en-US?cssOverride=https%3A%2F%2Fsecure.espncdn.com%2Fcombiner%2Fc%3Fcss%3Ddisneyid%2Fcorev4.css&logLevel=INFO:0
